Case #1: LateHarvest HalalTruck LightningBolts MamaPennys Harvest Helpdesk DentalOffice ColdBrewMachine TransportationHub SonOfPingAndPong RainbowStairs LikeSign FakeCrosswalk Ballpit FukiSushiInOldenDays FullCircle SugarShack CafeEpic FreshOrangeJuice ShuttlePlatform Nanokitchen TuringInDominoes NailPolishRoomBlock MPK20Roof BurgerShack SaintFrank HackerSquare
Case #2: HackerSquare FukiSushiInOldenDays BlueBottle ConstitutionDeli FoxGazebo
Case #3: FreshOrangeJuice ColdBrewMachine OculusDemoLab ZucksOffice FoxPainting Ballpit WoodenSculpture VerveCoffee BlueBottle HackerSquare LikeSign
Case #4: ShuttlePlatform
Case #5: MamaPennys SwagStore LightningBolts FullCircle PhilzCoffee Harvest HackerSquare TransportationHub ShuttlePlatform FoxGazebo NailPolishRoomBlock WallOfPhones BlueBottle PopUpShop LikeSign HotfixBar
Case #6: MPK20Roof MamaPennys SugarShack FoxPainting RainbowStairs ColdBrewMachine FukiSushiInOldenDays PhilzCoffee Ballpit ZucksOldOffice TechVendingMachine
Case #7: HackerSquare SugarShack Harvest ConstitutionDeli BurgerShack WoodenSculpture FukiSushiInOldenDays TuringInDominoes ShuttlePlatform Sol SweetStop BridgeClub SonOfPingAndPong TransportationHub Helpdesk ZucksOldOffice Microkitchen FoxGazebo FullCircle
Case #8: BahnAppetit LightningBolts FakeCrosswalk SwagStore HotfixBar VerveCoffee FukiSushiInOldenDays ColdBrewMachine PopUpShop LikeSign WallOfPhones BlueBottle TechVendingMachine FullCircle Arcade
Case #9: ShuttlePlatform BridgeClub Microkitchen BlueBottle LightningBolts OculusDemoLab NailPolishRoomBlock SweetStop LikeSign ZucksOffice FullCircle HotfixBar SaintFrank LivingTheDream Helpdesk MPK20Roof Arcade ColdBrewMachine Sol WallOfPhones FoxPainting RainbowStairs DentalOffice FakeCrosswalk PhilzCoffee TuringInDominoes PopUpShop
Case #10: LivingTheDream Harvest PhilzCoffee MamaPennys
Case #11: ColdBrewMachine WoodenSculpture LightningBolts SweetStop BahnAppetit FukiSushiInOldenDays BurgerShack ConstitutionDeli ChosHawkerCenter ShuttlePlatform LikeSign MPK20Roof Ballpit Sol TechVendingMachine NailPolishRoomBlock
Case #12: PhilzCoffee ZucksOffice BlueBottle HackerSquare ChosHawkerCenter
Case #13: HotfixBar RainbowStairs Sol SweetStop CafeEpic LivingTheDream ZucksOffice TuringInDominoes OculusDemoLab LightningBolts NailPolishRoomBlock DentalOffice Nanokitchen PhilzCoffee SwagStore BahnAppetit FreshOrangeJuice FoxGazebo VerveCoffee ShuttlePlatform FakeCrosswalk BurgerShack TransportationHub FukiSushiInOldenDays ColdBrewMachine PopUpShop SonOfPingAndPong Harvest BlueBottle ZucksOldOffice MPK20Roof ChosHawkerCenter TechVendingMachine SugarShack WoodenSculpture FoxPainting Arcade Helpdesk BridgeClub ConstitutionDeli Microkitchen SaintFrank HalalTruck LateHarvest LikeSign MamaPennys WallOfPhones
Case #14: LightningBolts VerveCoffee
Case #15: FoxGazebo MPK20Roof WoodenSculpture Biryani
Case #16: ColdBrewMachine ConstitutionDeli Harvest MamaPennys
Case #17: ShuttlePlatform TuringInDominoes FukiSushiInOldenDays WoodenSculpture TechVendingMachine ZucksOffice LikeSign ZucksOldOffice HalalTruck Sol OculusDemoLab RainbowStairs LightningBolts SugarShack FakeCrosswalk LateHarvest WallOfPhones ConstitutionDeli HotfixBar TransportationHub MamaPennys Arcade Ballpit FoxPainting
Case #18: Arcade
Case #19: PhilzCoffee CafeEpic FukiSushiInOldenDays Microkitchen RainbowStairs LivingTheDream WoodenSculpture FoxGazebo FoxPainting OculusDemoLab Sol SaintFrank FullCircle SweetStop ChosHawkerCenter ColdBrewMachine BahnAppetit Ballpit VerveCoffee TechVendingMachine PopUpShop TransportationHub ConstitutionDeli WallOfPhones FakeCrosswalk ZucksOldOffice MamaPennys NailPolishRoomBlock Helpdesk LikeSign HotfixBar LateHarvest Harvest Nanokitchen BridgeClub ZucksOffice BurgerShack DentalOffice Arcade ShuttlePlatform FreshOrangeJuice BlueBottle
Case #20: LikeSign SweetStop SwagStore
Case #21: LikeSign Arcade SweetStop
Case #22: SweetStop Harvest ZucksOffice OculusDemoLab HalalTruck Arcade BridgeClub MamaPennys SwagStore PhilzCoffee Sol CafeEpic LivingTheDream Microkitchen SugarShack NailPolishRoomBlock RainbowStairs BahnAppetit BlueBottle TransportationHub FullCircle ColdBrewMachine PopUpShop SaintFrank ChosHawkerCenter ZucksOldOffice Nanokitchen LateHarvest ConstitutionDeli FoxGazebo
Case #23: MamaPennys FukiSushiInOldenDays FoxPainting
Case #24: Helpdesk SonOfPingAndPong MPK20Roof WoodenSculpture CafeEpic LivingTheDream HalalTruck FukiSushiInOldenDays OculusDemoLab
Case #25: ShuttlePlatform NailPolishRoomBlock TechVendingMachine PopUpShop FukiSushiInOldenDays ChosHawkerCenter Arcade BridgeClub LightningBolts HotfixBar MPK20Roof
Case #26: WallOfPhones CafeEpic
Case #27: LivingTheDream ZucksOldOffice LightningBolts FukiSushiInOldenDays FreshOrangeJuice ZucksOffice FullCircle TechVendingMachine TransportationHub WallOfPhones MamaPennys
Case #28: Nanokitchen Arcade Helpdesk PopUpShop OculusDemoLab HalalTruck LikeSign HotfixBar BahnAppetit BridgeClub FoxPainting TechVendingMachine
Case #29: SwagStore CafeEpic FullCircle WoodenSculpture Microkitchen VerveCoffee ZucksOffice PhilzCoffee SweetStop ColdBrewMachine SonOfPingAndPong HotfixBar SaintFrank BahnAppetit DentalOffice Ballpit Helpdesk ZucksOldOffice PopUpShop FoxPainting Nanokitchen LikeSign BridgeClub SugarShack
Case #30: LateHarvest ZucksOldOffice CafeEpic MPK20Roof SwagStore Microkitchen NailPolishRoomBlock FullCircle TuringInDominoes FukiSushiInOldenDays Harvest WoodenSculpture Arcade FoxGazebo WallOfPhones LikeSign ZucksOffice BridgeClub HackerSquare Nanokitchen BurgerShack FakeCrosswalk ConstitutionDeli
Case #31: ChosHawkerCenter FukiSushiInOldenDays HalalTruck TransportationHub LivingTheDream RainbowStairs ColdBrewMachine TechVendingMachine SugarShack
Case #32: FoxPainting Microkitchen FreshOrangeJuice
Case #33: TuringInDominoes LivingTheDream HackerSquare WoodenSculpture
Case #34: PopUpShop
Case #35: CafeEpic
Case #36: WallOfPhones
Case #37: Helpdesk NailPolishRoomBlock HalalTruck ChosHawkerCenter BurgerShack LateHarvest SweetStop FukiSushiInOldenDays Nanokitchen SonOfPingAndPong MamaPennys Sol FullCircle PopUpShop VerveCoffee MPK20Roof ShuttlePlatform HackerSquare RainbowStairs SugarShack ColdBrewMachine LivingTheDream WallOfPhones ZucksOldOffice Ballpit
Case #38: ZucksOffice SweetStop
Case #39: CafeEpic SonOfPingAndPong SweetStop
Case #40: BlueBottle NailPolishRoomBlock HackerSquare WallOfPhones LateHarvest BridgeClub Harvest Microkitchen WoodenSculpture ConstitutionDeli LightningBolts DentalOffice FullCircle SugarShack LivingTheDream PopUpShop RainbowStairs ChosHawkerCenter HotfixBar PhilzCoffee ColdBrewMachine ShuttlePlatform MPK20Roof Arcade CafeEpic SweetStop VerveCoffee SwagStore ZucksOffice FukiSushiInOldenDays TransportationHub HalalTruck Sol TechVendingMachine
Case #41: VerveCoffee FullCircle LikeSign
Case #42: Harvest TechVendingMachine FreshOrangeJuice LightningBolts Sol DentalOffice
Case #43: LightningBolts Ballpit PopUpShop TuringInDominoes VerveCoffee
Case #44: ZucksOffice HackerSquare Helpdesk SugarShack
Case #45: Nanokitchen ConstitutionDeli SaintFrank DentalOffice Ballpit FullCircle BlueBottle FakeCrosswalk OculusDemoLab FoxPainting Harvest ZucksOldOffice BurgerShack FreshOrangeJuice TransportationHub Microkitchen ShuttlePlatform FukiSushiInOldenDays LikeSign LateHarvest BridgeClub
Case #46: SugarShack SweetStop ConstitutionDeli BlueBottle TransportationHub Helpdesk SonOfPingAndPong FakeCrosswalk FoxGazebo MamaPennys TechVendingMachine VerveCoffee LightningBolts Nanokitchen FukiSushiInOldenDays OculusDemoLab PopUpShop Harvest Ballpit MPK20Roof RainbowStairs TuringInDominoes ChosHawkerCenter DentalOffice FoxPainting
Case #47: PhilzCoffee HalalTruck Microkitchen MPK20Roof ColdBrewMachine
Case #48: Microkitchen VerveCoffee HackerSquare PopUpShop
Case #49: HackerSquare OculusDemoLab ZucksOldOffice FakeCrosswalk BridgeClub Harvest LateHarvest WoodenSculpture ZucksOffice Microkitchen LightningBolts Sol BlueBottle FullCircle SaintFrank SonOfPingAndPong PopUpShop LivingTheDream TransportationHub LikeSign Arcade BurgerShack ConstitutionDeli Nanokitchen ChosHawkerCenter SweetStop CafeEpic DentalOffice MamaPennys RainbowStairs FoxGazebo NailPolishRoomBlock
Case #50: Sol Helpdesk PhilzCoffee OculusDemoLab VerveCoffee LateHarvest Ballpit SweetStop DentalOffice NailPolishRoomBlock SwagStore BurgerShack SonOfPingAndPong MamaPennys ColdBrewMachine ConstitutionDeli FullCircle Nanokitchen ShuttlePlatform CafeEpic Microkitchen TuringInDominoes MPK20Roof SaintFrank Harvest LikeSign ZucksOffice ChosHawkerCenter WoodenSculpture SugarShack WallOfPhones HotfixBar FoxPainting
Case #51: ZucksOldOffice FullCircle TransportationHub Helpdesk LivingTheDream
Case #52: ColdBrewMachine
Case #53: Ballpit Harvest TransportationHub
Case #54: MPK20Roof DentalOffice LateHarvest Arcade SonOfPingAndPong FakeCrosswalk BurgerShack HackerSquare FoxGazebo Helpdesk ZucksOldOffice ZucksOffice LivingTheDream SwagStore WallOfPhones LikeSign ChosHawkerCenter BahnAppetit NailPolishRoomBlock Ballpit ShuttlePlatform HotfixBar SweetStop MamaPennys
Case #55: TechVendingMachine
Case #56: ZucksOldOffice Harvest FakeCrosswalk WallOfPhones LateHarvest HotfixBar Helpdesk
Case #57: ShuttlePlatform TechVendingMachine CafeEpic ConstitutionDeli MPK20Roof BlueBottle TuringInDominoes FukiSushiInOldenDays Nanokitchen LightningBolts FreshOrangeJuice
Case #58: WoodenSculpture WallOfPhones OculusDemoLab HalalTruck FreshOrangeJuice LivingTheDream MamaPennys Arcade
Case #59: LikeSign Arcade SwagStore
Case #60: MamaPennys TechVendingMachine LikeSign BurgerShack NailPolishRoomBlock FoxPainting FukiSushiInOldenDays TuringInDominoes
Case #61: DentalOffice BahnAppetit WoodenSculpture LateHarvest BurgerShack ConstitutionDeli FoxGazebo VerveCoffee SweetStop
Case #62: WallOfPhones Nanokitchen MamaPennys HalalTruck TransportationHub
Case #63: FullCircle
Case #64: RainbowStairs WallOfPhones FoxGazebo Helpdesk Arcade Harvest NailPolishRoomBlock FullCircle PopUpShop OculusDemoLab SaintFrank MamaPennys Sol FoxPainting HalalTruck LateHarvest FakeCrosswalk SugarShack BlueBottle SweetStop TuringInDominoes CafeEpic LivingTheDream DentalOffice ZucksOffice SonOfPingAndPong Nanokitchen ColdBrewMachine MPK20Roof WoodenSculpture PhilzCoffee BahnAppetit SwagStore FreshOrangeJuice ConstitutionDeli ShuttlePlatform LightningBolts ZucksOldOffice LikeSign TechVendingMachine Ballpit
Case #65: PhilzCoffee HalalTruck Ballpit LivingTheDream SweetStop BridgeClub Nanokitchen SwagStore WallOfPhones SonOfPingAndPong Arcade ZucksOffice FakeCrosswalk
Case #66: ZucksOffice ChosHawkerCenter LivingTheDream FullCircle SaintFrank RainbowStairs MamaPennys ConstitutionDeli SugarShack TuringInDominoes MPK20Roof BridgeClub LightningBolts WallOfPhones FreshOrangeJuice SweetStop Nanokitchen Ballpit Sol LikeSign TransportationHub SonOfPingAndPong OculusDemoLab
Case #67: Harvest TechVendingMachine
Case #68: Ballpit Helpdesk NailPolishRoomBlock MPK20Roof FullCircle TuringInDominoes BlueBottle OculusDemoLab HackerSquare LivingTheDream FakeCrosswalk FreshOrangeJuice PhilzCoffee FukiSushiInOldenDays Nanokitchen BridgeClub WallOfPhones LateHarvest ConstitutionDeli LikeSign VerveCoffee Microkitchen DentalOffice Sol ChosHawkerCenter TransportationHub ZucksOffice RainbowStairs HotfixBar SonOfPingAndPong BurgerShack PopUpShop Harvest LightningBolts TechVendingMachine HalalTruck
Case #69: SweetStop
Case #70: SaintFrank HotfixBar Ballpit MPK20Roof PopUpShop ChosHawkerCenter HalalTruck FoxPainting Sol LivingTheDream SweetStop WallOfPhones HackerSquare LateHarvest TuringInDominoes LightningBolts ColdBrewMachine BurgerShack Nanokitchen
Case #71: ZucksOldOffice ZucksOffice BlueBottle TransportationHub
Case #72: ZucksOffice Sol HalalTruck Nanokitchen ConstitutionDeli TechVendingMachine ShuttlePlatform ColdBrewMachine BurgerShack Microkitchen Ballpit DentalOffice OculusDemoLab
Case #73: DentalOffice BlueBottle
Case #74: ZucksOldOffice ChosHawkerCenter Harvest SonOfPingAndPong Nanokitchen TuringInDominoes HotfixBar MPK20Roof FoxGazebo Arcade HackerSquare Ballpit FukiSushiInOldenDays SugarShack CafeEpic Helpdesk ColdBrewMachine
Case #75: WallOfPhones HalalTruck SugarShack BurgerShack
Case #76: PhilzCoffee SonOfPingAndPong LikeSign ChosHawkerCenter Sol ConstitutionDeli Arcade SugarShack LateHarvest DentalOffice TransportationHub LightningBolts Helpdesk VerveCoffee FukiSushiInOldenDays WallOfPhones BridgeClub WoodenSculpture BurgerShack TuringInDominoes HalalTruck CafeEpic TechVendingMachine ZucksOldOffice FoxPainting BlueBottle ShuttlePlatform SweetStop Ballpit ZucksOffice FreshOrangeJuice
Case #77: PopUpShop FoxPainting LateHarvest TuringInDominoes BurgerShack LivingTheDream ChosHawkerCenter SugarShack BahnAppetit ColdBrewMachine Ballpit
Case #78: FullCircle Sol MPK20Roof Arcade FoxPainting HotfixBar
Case #79: WallOfPhones Ballpit ZucksOldOffice
Case #80: SaintFrank SonOfPingAndPong WallOfPhones SweetStop VerveCoffee WoodenSculpture Nanokitchen
